INFO :2025-05-31 16:27:31,731 - scoreboard_test.py:[112] - 点击了主队-按钮
INFO :2025-05-31 16:27:31,747 - scoreboard_test.py:[115] - 当前主客队的比分为142:903
INFO :2025-05-31 16:27:34,047 - scoreboard_test.py:[121] - 点击了客队+按钮
INFO :2025-05-31 16:27:34,064 - scoreboard_test.py:[124] - 当前主客队的比分为142:904
INFO :2025-05-31 16:27:36,924 - scoreboard_test.py:[149] - 手动输入比分: 主队 506 - 客队 237
INFO :2025-05-31 16:27:39,678 - scoreboard_test.py:[131] - 点击了客队-按钮
INFO :2025-05-31 16:27:39,701 - scoreboard_test.py:[134] - 当前主客队的比分为506:236
INFO :2025-05-31 16:27:42,646 - scoreboard_test.py:[102] - 点击了主队+按钮
INFO :2025-05-31 16:27:42,664 - scoreboard_test.py:[105] - 当前主客队的比分为507:236
INFO :2025-05-31 16:27:46,418 - scoreboard_test.py:[112] - 点击了主队-按钮
INFO :2025-05-31 16:27:46,434 - scoreboard_test.py:[115] - 当前主客队的比分为506:236
INFO :2025-05-31 16:27:49,811 - scoreboard_test.py:[131] - 点击了客队-按钮
INFO :2025-05-31 16:27:49,829 - scoreboard_test.py:[134] - 当前主客队的比分为506:235
INFO :2025-05-31 16:27:53,275 - scoreboard_test.py:[112] - 点击了主队-按钮
INFO :2025-05-31 16:27:53,294 - scoreboard_test.py:[115] - 当前主客队的比分为505:235
INFO :2025-05-31 16:27:54,668 - scoreboard_test.py:[87] - 两队分数都是5的倍数,刷新当前页面
INFO :2025-05-31 16:27:57,694 - scoreboard_test.py:[91] - 当前主客队的比分为505:235
INFO :2025-05-31 16:27:58,762 - scoreboard_test.py:[112] - 点击了主队-按钮
INFO :2025-05-31 16:27:58,777 - scoreboard_test.py:[115] - 当前主客队的比分为504:235
INFO :2025-05-31 16:28:02,618 - scoreboard_test.py:[121] - 点击了客队+按钮
INFO :2025-05-31 16:28:02,636 - scoreboard_test.py:[124] - 当前主客队的比分为504:236
INFO :2025-05-31 16:28:05,879 - scoreboard_test.py:[112] - 点击了主队-按钮
INFO :2025-05-31 16:28:05,897 - scoreboard_test.py:[115] - 当前主客队的比分为503:236
INFO :2025-05-31 16:28:08,091 - scoreboard_test.py:[162] - 这一次点击的是2ND
INFO :2025-05-31 16:28:11,541 - scoreboard_test.py:[131] - 点击了客队-按钮
INFO :2025-05-31 16:28:11,561 - scoreboard_test.py:[134] - 当前主客队的比分为503:235
INFO :2025-05-31 16:28:15,459 - scoreboard_test.py:[112] - 点击了主队-按钮
INFO :2025-05-31 16:28:15,483 - scoreboard_test.py:[115] - 当前主客队的比分为502:235
INFO :2025-05-31 16:28:18,148 - scoreboard_test.py:[162] - 这一次点击的是1ST
INFO :2025-05-31 16:28:20,932 - scoreboard_test.py:[149] - 手动输入比分: 主队 744 - 客队 80
INFO :2025-05-31 16:28:24,991 - scoreboard_test.py:[102] - 点击了主队+按钮
INFO :2025-05-31 16:28:25,007 - scoreboard_test.py:[105] - 当前主客队的比分为745:80
INFO :2025-05-31 16:28:27,961 - scoreboard_test.py:[87] - 两队分数都是5的倍数,刷新当前页面
INFO :2025-05-31 16:28:30,994 - scoreboard_test.py:[91] - 当前主客队的比分为745:80
INFO :2025-05-31 16:28:31,020 - scoreboard_test.py:[162] - 这一次点击的是3RD
INFO :2025-05-31 16:28:34,644 - scoreboard_test.py:[87] - 两队分数都是5的倍数,刷新当前页面
INFO :2025-05-31 16:28:37,682 - scoreboard_test.py:[91] - 当前主客队的比分为745:80
INFO :2025-05-31 16:28:37,762 - scoreboard_test.py:[149] - 手动输入比分: 主队 368 - 客队 939
INFO :2025-05-31 16:28:41,411 - scoreboard_test.py:[102] - 点击了主队+按钮
INFO :2025-05-31 16:28:41,430 - scoreboard_test.py:[105] - 当前主客队的比分为369:939
INFO :2025-05-31 16:28:43,665 - scoreboard_test.py:[102] - 点击了主队+按钮
INFO :2025-05-31 16:28:43,681 - scoreboard_test.py:[105] - 当前主客队的比分为370:939
INFO :2025-05-31 16:28:47,712 - scoreboard_test.py:[131] - 点击了客队-按钮
INFO :2025-05-31 16:28:47,728 - scoreboard_test.py:[134] - 当前主客队的比分为370:938
INFO :2025-05-31 16:28:51,655 - scoreboard_test.py:[112] - 点击了主队-按钮
INFO :2025-05-31 16:28:51,671 - scoreboard_test.py:[115] - 当前主客队的比分为369:938
INFO :2025-05-31 16:28:53,692 - scoreboard_test.py:[149] - 手动输入比分: 主队 620 - 客队 302
INFO :2025-05-31 16:28:56,499 - scoreboard_test.py:[121] - 点击了客队+按钮
INFO :2025-05-31 16:28:56,520 - scoreboard_test.py:[124] - 当前主客队的比分为620:303
INFO :2025-05-31 16:29:00,378 - scoreboard_test.py:[102] - 点击了主队+按钮
INFO :2025-05-31 16:29:00,399 - scoreboard_test.py:[105] - 当前主客队的比分为621:303
INFO :2025-05-31 16:29:04,338 - scoreboard_test.py:[102] - 点击了主队+按钮
INFO :2025-05-31 16:29:04,357 - scoreboard_test.py:[105] - 当前主客队的比分为622:303
INFO :2025-05-31 16:29:07,317 - scoreboard_test.py:[112] - 点击了主队-按钮
INFO :2025-05-31 16:29:07,335 - scoreboard_test.py:[115] - 当前主客队的比分为621:303
INFO :2025-05-31 16:29:09,566 - scoreboard_test.py:[112] - 点击了主队-按钮
INFO :2025-05-31 16:29:09,583 - scoreboard_test.py:[115] - 当前主客队的比分为620:303
INFO :2025-05-31 16:29:12,257 - scoreboard_test.py:[102] - 点击了主队+按钮
INFO :2025-05-31 16:29:12,272 - scoreboard_test.py:[105] - 当前主客队的比分为621:303
INFO :2025-05-31 16:29:13,759 - scoreboard_test.py:[149] - 手动输入比分: 主队 71 - 客队 533
INFO :2025-05-31 16:29:16,650 - scoreboard_test.py:[112] - 点击了主队-按钮
INFO :2025-05-31 16:29:16,674 - scoreboard_test.py:[115] - 当前主客队的比分为70:533
INFO :2025-05-31 16:29:19,964 - scoreboard_test.py:[112] - 点击了主队-按钮
INFO :2025-05-31 16:29:19,980 - scoreboard_test.py:[115] - 当前主客队的比分为69:533
INFO :2025-05-31 16:29:23,107 - scoreboard_test.py:[121] - 点击了客队+按钮
INFO :2025-05-31 16:29:23,124 - scoreboard_test.py:[124] - 当前主客队的比分为69:534
INFO :2025-05-31 16:29:26,389 - scoreboard_test.py:[121] - 点击了客队+按钮
INFO :2025-05-31 16:29:26,413 - scoreboard_test.py:[124] - 当前主客队的比分为69:535
INFO :2025-05-31 16:29:29,184 - scoreboard_test.py:[121] - 点击了客队+按钮
INFO :2025-05-31 16:29:29,211 - scoreboard_test.py:[124] - 当前主客队的比分为69:536
INFO :2025-05-31 16:29:33,194 - scoreboard_test.py:[121] - 点击了客队+按钮
INFO :2025-05-31 16:29:33,211 - scoreboard_test.py:[124] - 当前主客队的比分为69:537
INFO :2025-05-31 16:29:36,998 - scoreboard_test.py:[131] - 点击了客队-按钮
INFO :2025-05-31 16:29:37,016 - scoreboard_test.py:[134] - 当前主客队的比分为69:536
INFO :2025-05-31 16:29:39,149 - scoreboard_test.py:[102] - 点击了主队+按钮
INFO :2025-05-31 16:29:39,168 - scoreboard_test.py:[105] - 当前主客队的比分为70:536
INFO :2025-05-31 16:29:40,900 - scoreboard_test.py:[162] - 这一次点击的是2ND
INFO :2025-05-31 16:29:43,377 - scoreboard_test.py:[149] - 手动输入比分: 主队 544 - 客队 944
INFO :2025-05-31 16:29:47,278 - scoreboard_test.py:[102] - 点击了主队+按钮
INFO :2025-05-31 16:29:47,301 - scoreboard_test.py:[105] - 当前主客队的比分为545:944
INFO :2025-05-31 16:29:50,481 - scoreboard_test.py:[112] - 点击了主队-按钮
INFO :2025-05-31 16:29:50,497 - scoreboard_test.py:[115] - 当前主客队的比分为544:944
INFO :2025-05-31 16:29:52,613 - scoreboard_test.py:[121] - 点击了客队+按钮
INFO :2025-05-31 16:29:52,633 - scoreboard_test.py:[124] - 当前主客队的比分为544:945
INFO :2025-05-31 16:29:55,705 - scoreboard_test.py:[112] - 点击了主队-按钮
INFO :2025-05-31 16:29:55,723 - scoreboard_test.py:[115] - 当前主客队的比分为543:945
INFO :2025-05-31 16:29:59,144 - scoreboard_test.py:[102] - 点击了主队+按钮
INFO :2025-05-31 16:29:59,165 - scoreboard_test.py:[105] - 当前主客队的比分为544:945
INFO :2025-05-31 16:30:00,782 - scoreboard_test.py:[149] - 手动输入比分: 主队 723 - 客队 933
INFO :2025-05-31 16:30:03,320 - scoreboard_test.py:[121] - 点击了客队+按钮
INFO :2025-05-31 16:30:03,336 - scoreboard_test.py:[124] - 当前主客队的比分为723:934
INFO :2025-05-31 16:30:06,543 - scoreboard_test.py:[102] - 点击了主队+按钮
INFO :2025-05-31 16:30:06,564 - scoreboard_test.py:[105] - 当前主客队的比分为724:934
INFO :2025-05-31 16:30:10,025 - scoreboard_test.py:[121] - 点击了客队+按钮
INFO :2025-05-31 16:30:10,041 - scoreboard_test.py:[124] - 当前主客队的比分为724:935
INFO :2025-05-31 16:30:13,743 - scoreboard_test.py:[102] - 点击了主队+按钮
INFO :2025-05-31 16:30:13,768 - scoreboard_test.py:[105] - 当前主客队的比分为725:935
INFO :2025-05-31 16:30:16,501 - scoreboard_test.py:[87] - 两队分数都是5的倍数,刷新当前页面
INFO :2025-05-31 16:30:19,527 - scoreboard_test.py:[91] - 当前主客队的比分为725:935
INFO :2025-05-31 16:30:19,607 - scoreboard_test.py:[149] - 手动输入比分: 主队 839 - 客队 436
INFO :2025-05-31 16:30:22,510 - scoreboard_test.py:[121] - 点击了客队+按钮
INFO :2025-05-31 16:30:22,538 - scoreboard_test.py:[124] - 当前主客队的比分为839:437
INFO :2025-05-31 16:30:24,951 - scoreboard_test.py:[102] - 点击了主队+按钮
INFO :2025-05-31 16:30:24,966 - scoreboard_test.py:[105] - 当前主客队的比分为840:437
INFO :2025-05-31 16:30:27,956 - scoreboard_test.py:[112] - 点击了主队-按钮
INFO :2025-05-31 16:30:27,973 - scoreboard_test.py:[115] - 当前主客队的比分为839:437
INFO :2025-05-31 16:30:31,461 - scoreboard_test.py:[102] - 点击了主队+按钮
INFO :2025-05-31 16:30:31,482 - scoreboard_test.py:[105] - 当前主客队的比分为840:437
INFO :2025-05-31 16:30:34,855 - scoreboard_test.py:[121] - 点击了客队+按钮
INFO :2025-05-31 16:30:34,871 - scoreboard_test.py:[124] - 当前主客队的比分为840:438
INFO :2025-05-31 16:30:37,823 - scoreboard_test.py:[112] - 点击了主队-按钮
INFO :2025-05-31 16:30:37,842 - scoreboard_test.py:[115] - 当前主客队的比分为839:438
INFO :2025-05-31 16:30:39,267 - scoreboard_test.py:[162] - 这一次点击的是3RD
INFO :2025-05-31 16:30:41,665 - scoreboard_test.py:[162] - 这一次点击的是2ND
INFO :2025-05-31 16:30:45,995 - scoreboard_test.py:[131] - 点击了客队-按钮
INFO :2025-05-31 16:30:46,020 - scoreboard_test.py:[134] - 当前主客队的比分为839:437
INFO :2025-05-31 16:30:48,933 - scoreboard_test.py:[131] - 点击了客队-按钮
INFO :2025-05-31 16:30:48,954 - scoreboard_test.py:[134] - 当前主客队的比分为839:436
INFO :2025-05-31 16:30:50,180 - scoreboard_test.py:[162] - 这一次点击的是1ST
INFO :2025-05-31 16:30:54,574 - scoreboard_test.py:[131] - 点击了客队-按钮
INFO :2025-05-31 16:30:54,590 - scoreboard_test.py:[134] - 当前主客队的比分为839:435
INFO :2025-05-31 16:30:57,898 - scoreboard_test.py:[102] - 点击了主队+按钮
INFO :2025-05-31 16:30:57,918 - scoreboard_test.py:[105] - 当前主客队的比分为840:435
INFO :2025-05-31 16:31:00,579 - scoreboard_test.py:[87] - 两队分数都是5的倍数,刷新当前页面
INFO :2025-05-31 16:31:03,611 - scoreboard_test.py:[91] - 当前主客队的比分为840:435
INFO :2025-05-31 16:31:04,707 - scoreboard_test.py:[131] - 点击了客队-按钮
INFO :2025-05-31 16:31:04,723 - scoreboard_test.py:[134] - 当前主客队的比分为840:434
INFO :2025-05-31 16:31:08,003 - scoreboard_test.py:[112] - 点击了主队-按钮
INFO :2025-05-31 16:31:08,022 - scoreboard_test.py:[115] - 当前主客队的比分为839:434
INFO :2025-05-31 16:31:10,495 - scoreboard_test.py:[112] - 点击了主队-按钮
INFO :2025-05-31 16:31:10,513 - scoreboard_test.py:[115] - 当前主客队的比分为838:434
INFO :2025-05-31 16:31:14,206 - scoreboard_test.py:[102] - 点击了主队+按钮
INFO :2025-05-31 16:31:14,227 - scoreboard_test.py:[105] - 当前主客队的比分为839:434
INFO :2025-05-31 16:31:18,070 - scoreboard_test.py:[102] - 点击了主队+按钮
INFO :2025-05-31 16:31:18,087 - scoreboard_test.py:[105] - 当前主客队的比分为840:434
INFO :2025-05-31 16:31:21,427 - scoreboard_test.py:[102] - 点击了主队+按钮
INFO :2025-05-31 16:31:21,445 - scoreboard_test.py:[105] - 当前主客队的比分为841:434
INFO :2025-05-31 16:31:23,771 - scoreboard_test.py:[102] - 点击了主队+按钮
INFO :2025-05-31 16:31:23,787 - scoreboard_test.py:[105] - 当前主客队的比分为842:434
INFO :2025-05-31 16:31:27,373 - scoreboard_test.py:[112] - 点击了主队-按钮
INFO :2025-05-31 16:31:27,391 - scoreboard_test.py:[115] - 当前主客队的比分为841:434
INFO :2025-05-31 16:31:29,306 - scoreboard_test.py:[149] - 手动输入比分: 主队 296 - 客队 410
INFO :2025-05-31 16:31:31,947 - scoreboard_test.py:[102] - 点击了主队+按钮
INFO :2025-05-31 16:31:31,965 - scoreboard_test.py:[105] - 当前主客队的比分为297:410
INFO :2025-05-31 16:31:33,264 - scoreboard_test.py:[162] - 这一次点击的是2ND
INFO :2025-05-31 16:31:37,289 - scoreboard_test.py:[131] - 点击了客队-按钮
INFO :2025-05-31 16:31:37,307 - scoreboard_test.py:[134] - 当前主客队的比分为297:409
INFO :2025-05-31 16:31:39,440 - scoreboard_test.py:[102] - 点击了主队+按钮
INFO :2025-05-31 16:31:39,456 - scoreboard_test.py:[105] - 当前主客队的比分为298:409
INFO :2025-05-31 16:31:42,991 - scoreboard_test.py:[121] - 点击了客队+按钮
INFO :2025-05-31 16:31:43,008 - scoreboard_test.py:[124] - 当前主客队的比分为298:410
INFO :2025-05-31 16:31:47,074 - scoreboard_test.py:[102] - 点击了主队+按钮
INFO :2025-05-31 16:31:47,090 - scoreboard_test.py:[105] - 当前主客队的比分为299:410
INFO :2025-05-31 16:31:50,923 - scoreboard_test.py:[112] - 点击了主队-按钮
INFO :2025-05-31 16:31:50,940 - scoreboard_test.py:[115] - 当前主客队的比分为298:410
INFO :2025-05-31 16:31:53,821 - scoreboard_test.py:[121] - 点击了客队+按钮
INFO :2025-05-31 16:31:53,841 - scoreboard_test.py:[124] - 当前主客队的比分为298:411
INFO :2025-05-31 16:31:56,551 - scoreboard_test.py:[121] - 点击了客队+按钮
INFO :2025-05-31 16:31:56,570 - scoreboard_test.py:[124] - 当前主客队的比分为298:412
INFO :2025-05-31 16:31:58,843 - scoreboard_test.py:[121] - 点击了客队+按钮
INFO :2025-05-31 16:31:58,859 - scoreboard_test.py:[124] - 当前主客队的比分为298:413
INFO :2025-05-31 16:32:02,182 - scoreboard_test.py:[102] - 点击了主队+按钮
INFO :2025-05-31 16:32:02,198 - scoreboard_test.py:[105] - 当前主客队的比分为299:413
INFO :2025-05-31 16:32:05,343 - scoreboard_test.py:[131] - 点击了客队-按钮
INFO :2025-05-31 16:32:05,360 - scoreboard_test.py:[134] - 当前主客队的比分为299:412
INFO :2025-05-31 16:32:09,329 - scoreboard_test.py:[112] - 点击了主队-按钮
INFO :2025-05-31 16:32:09,347 - scoreboard_test.py:[115] - 当前主客队的比分为298:412
INFO :2025-05-31 16:32:12,915 - scoreboard_test.py:[131] - 点击了客队-按钮
INFO :2025-05-31 16:32:12,936 - scoreboard_test.py:[134] - 当前主客队的比分为298:411
